android/build-cache/capacitor-community-text-to-speech/outputs/logs/manifest-merger-debug-report.txt
-- Merging decision tree log ---
manifest
ADDED from src\main\AndroidManifest.xml:1:1-7:12
INJECTED from src\main\AndroidManifest.xml:1:1-7:12
	package
		INJECTED from src\main\AndroidManifest.xml
	xmlns:android
		ADDED from src\main\AndroidManifest.xml:1:11-69
queries
ADDED from src\main\AndroidManifest.xml:2:5-6:15
intent#action:name:android.intent.action.TTS_SERVICE
ADDED from src\main\AndroidManifest.xml:3:9-5:18
action#android.intent.action.TTS_SERVICE
ADDED from src\main\AndroidManifest.xml:4:13-72
	android:name
		ADDED from src\main\AndroidManifest.xml:4:21-69
uses-sdk
INJECTED from src\main\AndroidManifest.xml reason: use-sdk injection requested
INJECTED from src\main\AndroidManifest.xml
INJECTED from src\main\AndroidManifest.xml
	android:targetSdkVersion
		INJECTED from src\main\AndroidManifest.xml
	android:minSdkVersion
		INJECTED from src\main\AndroidManifest.xml